<?xml version="1.0" encoding="UTF-8"?>
<testsuite name="com.example.convpay.service.DiscountByConvenienceTest" tests="1" skipped="0" failures="0" errors="0" timestamp="2022-09-12T06:27:38" hostname="isihwaui-MacBookAir.local" time="0.001">
  <properties/>
  <testcase name="1. discount test" classname="com.example.convpay.service.DiscountByConvenienceTest" time="0.001"/>
  <system-out><![CDATA[]]></system-out>
  <system-err><![CDATA[]]></system-err>
</testsuite>
