<?xml version="1.0" encoding="UTF-8"?>
<testsuite name="com.example.convpay.ConvpayApplicationTests" tests="1" skipped="0" failures="0" errors="0" timestamp="2022-09-12T06:27:38" hostname="isihwaui-MacBookAir.local" time="0.296">
  <properties/>
  <testcase name="contextLoads()" classname="com.example.convpay.ConvpayApplicationTests" time="0.296"/>
  <system-out><![CDATA[15:27:37.409 [Test worker] DEBUG org.springframework.test.context.BootstrapUtils - Instantiating CacheAwareContextLoaderDelegate from class [org.springframework.test.context.cache.DefaultCacheAwareContextLoaderDelegate]
15:27:37.416 [Test worker] DEBUG org.springframework.test.context.BootstrapUtils - Instantiating BootstrapContext using constructor [public org.springframework.test.context.support.DefaultBootstrapContext(java.lang.Class,org.springframework.test.context.CacheAwareContextLoaderDelegate)]
15:27:37.442 [Test worker] DEBUG org.springframework.test.context.BootstrapUtils - Instantiating TestContextBootstrapper for test class [com.example.convpay.ConvpayApplicationTests] from class [org.springframework.boot.test.context.SpringBootTestContextBootstrapper]
15:27:37.455 [Test worker] INFO org.springframework.boot.test.context.SpringBootTestContextBootstrapper - Neither @ContextConfiguration nor @ContextHierarchy found for test class [com.example.convpay.ConvpayApplicationTests], using SpringBootContextLoader
15:27:37.459 [Test worker] DEBUG org.springframework.test.context.support.AbstractContextLoader - Did not detect default resource location for test class [com.example.convpay.ConvpayApplicationTests]: class path resource [com/example/convpay/ConvpayApplicationTests-context.xml] does not exist
15:27:37.459 [Test worker] DEBUG org.springframework.test.context.support.AbstractContextLoader - Did not detect default resource location for test class [com.example.convpay.ConvpayApplicationTests]: class path resource [com/example/convpay/ConvpayApplicationTestsContext.groovy] does not exist
15:27:37.459 [Test worker] INFO org.springframework.test.context.support.AbstractContextLoader - Could not detect default resource locations for test class [com.example.convpay.ConvpayApplicationTests]: no resource found for suffixes {-context.xml, Context.groovy}.
15:27:37.460 [Test worker] INFO org.springframework.test.context.support.AnnotationConfigContextLoaderUtils - Could not detect default configuration classes for test class [com.example.convpay.ConvpayApplicationTests]: ConvpayApplicationTests does not declare any static, non-private, non-final, nested classes annotated with @Configuration.
15:27:37.485 [Test worker] DEBUG org.springframework.test.context.support.ActiveProfilesUtils - Could not find an 'annotation declaring class' for annotation type [org.springframework.test.context.ActiveProfiles] and class [com.example.convpay.ConvpayApplicationTests]
15:27:37.514 [Test worker] DEBUG org.springframework.context.annotation.ClassPathScanningCandidateComponentProvider - Identified candidate component class: file [/Users/isihwa/workspace/zerobase/ZB/3_convpay/build/classes/java/main/com/example/convpay/ConvpayApplication.class]
15:27:37.514 [Test worker] INFO org.springframework.boot.test.context.SpringBootTestContextBootstrapper - Found @SpringBootConfiguration com.example.convpay.ConvpayApplication for test class com.example.convpay.ConvpayApplicationTests
15:27:37.623 [Test worker] DEBUG org.springframework.boot.test.context.SpringBootTestContextBootstrapper - @TestExecutionListeners is not present for class [com.example.convpay.ConvpayApplicationTests]: using defaults.
15:27:37.623 [Test worker] INFO org.springframework.boot.test.context.SpringBootTestContextBootstrapper - Loaded default TestExecutionListener class names from location [META-INF/spring.factories]: [org.springframework.boot.test.autoconfigure.restdocs.RestDocsTestExecutionListener, org.springframework.boot.test.autoconfigure.web.client.MockRestServiceServerResetTestExecutionListener, org.springframework.boot.test.autoconfigure.web.servlet.MockMvcPrintOnlyOnFailureTestExecutionListener, org.springframework.boot.test.autoconfigure.web.servlet.WebDriverTestExecutionListener, org.springframework.boot.test.autoconfigure.webservices.client.MockWebServiceServerTestExecutionListener, org.springframework.boot.test.mock.mockito.MockitoTestExecutionListener, org.springframework.boot.test.mock.mockito.ResetMocksTestExecutionListener, org.springframework.test.context.web.ServletTestExecutionListener, org.springframework.test.context.support.DirtiesContextBeforeModesTestExecutionListener, org.springframework.test.context.event.ApplicationEventsTestExecutionListener, org.springframework.test.context.support.DependencyInjectionTestExecutionListener, org.springframework.test.context.support.DirtiesContextTestExecutionListener, org.springframework.test.context.transaction.TransactionalTestExecutionListener, org.springframework.test.context.jdbc.SqlScriptsTestExecutionListener, org.springframework.test.context.event.EventPublishingTestExecutionListener]
15:27:37.632 [Test worker] DEBUG org.springframework.boot.test.context.SpringBootTestContextBootstrapper - Skipping candidate TestExecutionListener [org.springframework.test.context.web.ServletTestExecutionListener] due to a missing dependency. Specify custom listener classes or make the default listener classes and their required dependencies available. Offending class: [javax/servlet/ServletContext]
15:27:37.634 [Test worker] DEBUG org.springframework.boot.test.context.SpringBootTestContextBootstrapper - Skipping candidate TestExecutionListener [org.springframework.test.context.transaction.TransactionalTestExecutionListener] due to a missing dependency. Specify custom listener classes or make the default listener classes and their required dependencies available. Offending class: [org/springframework/transaction/interceptor/TransactionAttributeSource]
15:27:37.634 [Test worker] DEBUG org.springframework.boot.test.context.SpringBootTestContextBootstrapper - Skipping candidate TestExecutionListener [org.springframework.test.context.jdbc.SqlScriptsTestExecutionListener] due to a missing dependency. Specify custom listener classes or make the default listener classes and their required dependencies available. Offending class: [org/springframework/transaction/interceptor/TransactionAttribute]
15:27:37.634 [Test worker] INFO org.springframework.boot.test.context.SpringBootTestContextBootstrapper - Using TestExecutionListeners: [org.springframework.test.context.support.DirtiesContextBeforeModesTestExecutionListener@1f130eaf, org.springframework.test.context.event.ApplicationEventsTestExecutionListener@7e0aadd0, org.springframework.boot.test.mock.mockito.MockitoTestExecutionListener@21362712, org.springframework.boot.test.autoconfigure.SpringBootDependencyInjectionTestExecutionListener@27eb3298, org.springframework.test.context.support.DirtiesContextTestExecutionListener@200a26bc, org.springframework.test.context.event.EventPublishingTestExecutionListener@bc57b40, org.springframework.boot.test.autoconfigure.restdocs.RestDocsTestExecutionListener@1b5bc39d, org.springframework.boot.test.autoconfigure.web.client.MockRestServiceServerResetTestExecutionListener@655a5d9c, org.springframework.boot.test.autoconfigure.web.servlet.MockMvcPrintOnlyOnFailureTestExecutionListener@1494b84d, org.springframework.boot.test.autoconfigure.web.servlet.WebDriverTestExecutionListener@34abdee4, org.springframework.boot.test.autoconfigure.webservices.client.MockWebServiceServerTestExecutionListener@71a9b4c7, org.springframework.boot.test.mock.mockito.ResetMocksTestExecutionListener@4628b1d3]
15:27:37.639 [Test worker] DEBUG org.springframework.test.context.support.AbstractDirtiesContextTestExecutionListener - Before test class: context [DefaultTestContext@76b74e9c testClass = ConvpayApplicationTests, testInstance = [null], testMethod = [null], testException = [null], mergedContextConfiguration = [MergedContextConfiguration@2d72f75e testClass = ConvpayApplicationTests, locations = '{}', classes = '{class com.example.convpay.ConvpayApplication}', contextInitializerClasses = '[]', activeProfiles = '{}', propertySourceLocations = '{}', propertySourceProperties = '{org.springframework.boot.test.context.SpringBootTestContextBootstrapper=true}', contextCustomizers = set[org.springframework.boot.test.autoconfigure.actuate.metrics.MetricsExportContextCustomizerFactory$DisableMetricExportContextCustomizer@68fa0ba8, org.springframework.boot.test.autoconfigure.properties.PropertyMappingContextCustomizer@0, org.springframework.boot.test.autoconfigure.web.servlet.WebDriverContextCustomizerFactory$Customizer@5286c33a, org.springframework.boot.test.context.filter.ExcludeFilterContextCustomizer@c5ee75e, org.springframework.boot.test.json.DuplicateJsonObjectContextCustomizerFactory$DuplicateJsonObjectContextCustomizer@4a11eb84, org.springframework.boot.test.mock.mockito.MockitoContextCustomizer@0, org.springframework.boot.test.web.client.TestRestTemplateContextCustomizer@3f07b12c, org.springframework.boot.test.context.SpringBootTestArgs@1, org.springframework.boot.test.context.SpringBootTestWebEnvironment@4dc27487], contextLoader = 'org.springframework.boot.test.context.SpringBootContextLoader', parent = [null]], attributes = map[[empty]]], class annotated with @DirtiesContext [false] with mode [null].
15:27:37.658 [Test worker] DEBUG org.springframework.test.context.support.DependencyInjectionTestExecutionListener - Performing dependency injection for test context [[DefaultTestContext@76b74e9c testClass = ConvpayApplicationTests, testInstance = com.example.convpay.ConvpayApplicationTests@41200e0c, testMethod = [null], testException = [null], mergedContextConfiguration = [MergedContextConfiguration@2d72f75e testClass = ConvpayApplicationTests, locations = '{}', classes = '{class com.example.convpay.ConvpayApplication}', contextInitializerClasses = '[]', activeProfiles = '{}', propertySourceLocations = '{}', propertySourceProperties = '{org.springframework.boot.test.context.SpringBootTestContextBootstrapper=true}', contextCustomizers = set[org.springframework.boot.test.autoconfigure.actuate.metrics.MetricsExportContextCustomizerFactory$DisableMetricExportContextCustomizer@68fa0ba8, org.springframework.boot.test.autoconfigure.properties.PropertyMappingContextCustomizer@0, org.springframework.boot.test.autoconfigure.web.servlet.WebDriverContextCustomizerFactory$Customizer@5286c33a, org.springframework.boot.test.context.filter.ExcludeFilterContextCustomizer@c5ee75e, org.springframework.boot.test.json.DuplicateJsonObjectContextCustomizerFactory$DuplicateJsonObjectContextCustomizer@4a11eb84, org.springframework.boot.test.mock.mockito.MockitoContextCustomizer@0, org.springframework.boot.test.web.client.TestRestTemplateContextCustomizer@3f07b12c, org.springframework.boot.test.context.SpringBootTestArgs@1, org.springframework.boot.test.context.SpringBootTestWebEnvironment@4dc27487], contextLoader = 'org.springframework.boot.test.context.SpringBootContextLoader', parent = [null]], attributes = map['org.springframework.test.context.event.ApplicationEventsTestExecutionListener.recordApplicationEvents' -> false]]].

  .   ____          _            __ _ _
 /\\ / ___'_ __ _ _(_)_ __  __ _ \ \ \ \
( ( )\___ | '_ | '_| | '_ \/ _` | \ \ \ \
 \\/  ___)| |_)| | | | | || (_| |  ) ) ) )
  '  |____| .__|_| |_|_| |_\__, | / / / /
 =========|_|==============|___/=/_/_/_/
 :: Spring Boot ::                (v2.7.1)

2022-09-12 15:27:38.039  INFO 22354 --- [    Test worker] c.e.convpay.ConvpayApplicationTests      : Starting ConvpayApplicationTests using Java 11.0.16.1 on isihwaui-MacBookAir.local with PID 22354 (started by isihwa in /Users/isihwa/workspace/zerobase/ZB/3_convpay)
2022-09-12 15:27:38.040  INFO 22354 --- [    Test worker] c.e.convpay.ConvpayApplicationTests      : No active profile set, falling back to 1 default profile: "default"
2022-09-12 15:27:38.515  INFO 22354 --- [    Test worker] c.e.convpay.ConvpayApplicationTests      : Started ConvpayApplicationTests in 0.821 seconds (JVM running for 1.73)
]]></system-out>
  <system-err><![CDATA[]]></system-err>
</testsuite>
