<?xml version="1.0" encoding="UTF-8"?>
<testsuite name="com.example.convpay.service.CardAdapterTest" tests="4" skipped="0" failures="0" errors="0" timestamp="2022-09-12T06:27:38" hostname="isihwaui-MacBookAir.local" time="0.007">
  <properties/>
  <testcase name="1. capture success" classname="com.example.convpay.service.CardAdapterTest" time="0.006"/>
  <testcase name="2. capture fail" classname="com.example.convpay.service.CardAdapterTest" time="0.0"/>
  <testcase name="3. cancelCapture success" classname="com.example.convpay.service.CardAdapterTest" time="0.0"/>
  <testcase name="4. cancelCapture fail" classname="com.example.convpay.service.CardAdapterTest" time="0.0"/>
  <system-out><![CDATA[]]></system-out>
  <system-err><![CDATA[]]></system-err>
</testsuite>
